INFO  2015-05-06 18:44:45,466 (Saros.java:256) Starting Saros 13.12.6 running:
  Java Version: 1.8.0_40
  Java Vendor: Oracle Corporation
  Eclipse Runtime Version: 3.10.0.v20140318-2214
  Operating System: Windows 7 (6.1)
  Hardware Architecture: x86
INFO  2015-05-06 18:44:45,509 (XMPPAccountStore.java:103) loaded 1 accounts
INFO  2015-05-06 18:44:45,571 (PreferenceInitializer.java:53) initializing preference default values
DEBUG 2015-05-06 18:44:45,611 (DataTransferManager.java:444) used transport order for the current XMPP connection: [de.fu_berlin.inf.dpp.net.internal.Socks5Transport@10766ef, de.fu_berlin.inf.dpp.net.internal.IBBTransport@56bc9b]
DEBUG 2015-05-06 18:44:45,719 (StreamServiceManager.java:225) StreamServices added:
  SendFile
  AudioService
  VideoSharing
DEBUG 2015-05-06 18:44:45,917 (SarosAnnotation.java:112) resetting annotation colors
WARN  2015-05-06 18:44:46,402 (NullSarosSession.java:64) unexpected method call
WARN  2015-05-06 18:44:46,405 (NullSarosSession.java:64) unexpected method call
DEBUG 2015-05-06 18:44:54,730 (SharedDocumentProvider.java:79) SharedDocumentProvider created by Eclipse
WARN  2015-05-06 18:44:57,240 (NullSarosSession.java:64) unexpected method call
WARN  2015-05-06 18:44:57,268 (NullSarosSession.java:64) unexpected method call
DEBUG 2015-05-06 18:44:59,832 (WhiteboardManager.java:108) WhiteboardManager instantiated
DEBUG 2015-05-06 18:45:00,010 (DocumentRecord.java:93) Added Node: attr(143095229999382354) name=svg
DEBUG 2015-05-06 18:45:00,150 (UPnPServiceImpl.java:225) performing gateways discovery
DEBUG 2015-05-06 18:45:00,507 (SarosNet.java:423) started Socks5 proxy on port: 7777 [listening on all interfaces]
DEBUG 2015-05-06 18:45:00,648 (SarosNet.java:433) found interface addresses: [192.168.1.10, fe80:0:0:0:344c:f76:f1b4:6860%wlan0]
DEBUG 2015-05-06 18:45:00,679 (SarosNet.java:383)  new connection state == CONNECTING
INFO  2015-05-06 18:45:00,811 (UPnPServiceImpl.java:237) discovered 1 gateway(s)
WARN  2015-05-06 18:45:00,813 (SarosNet.java:481) could not find gateway device with id: + uuid:f3d2aadd-f7c7-9e6a-3646-4e1cc01aca11::urn:schemas-upnp-org:service:WANIPConnection:1 in the current network environment
DEBUG 2015-05-06 18:45:01,591 (SarosNet.java:383) 1superrm1@gmail.com/SarosBC6C4AE0 new connection state == CONNECTED
DEBUG 2015-05-06 18:45:01,592 (DataTransferManager.java:444) used transport order for the current XMPP connection: [de.fu_berlin.inf.dpp.net.internal.Socks5Transport@10766ef, de.fu_berlin.inf.dpp.net.internal.IBBTransport@56bc9b]
DEBUG 2015-05-06 18:45:02,208 (SkypeManager.java:286) Refreshing Skype username cache...
WARN  2015-05-06 18:45:10,876 (StunServiceImpl.java:420) received no response from STUN server stunserver.org/69.172.201.208:3478 at local address /192.168.1.10:0
WARN  2015-05-06 20:46:03,815 (NullSarosSession.java:64) unexpected method call
WARN  2015-05-06 20:46:03,815 (NullSarosSession.java:64) unexpected method call
DEBUG 2015-05-06 20:46:04,415 (SarosNet.java:383) 1superrm1@gmail.com/SarosBC6C4AE0 new connection state == DISCONNECTING
DEBUG 2015-05-06 20:46:04,575 (SarosNet.java:383)  new connection state == NOT_CONNECTED
DEBUG 2015-05-06 20:46:04,575 (UPnPServiceImpl.java:295) deleting existing port mappings
