INFO  2015-05-06 21:38:26,922 (Saros.java:256) Starting Saros 13.12.6 running:
  Java Version: 1.8.0_40
  Java Vendor: Oracle Corporation
  Eclipse Runtime Version: 3.10.0.v20140318-2214
  Operating System: Windows 7 (6.1)
  Hardware Architecture: x86
INFO  2015-05-06 21:38:26,951 (XMPPAccountStore.java:103) loaded 1 accounts
INFO  2015-05-06 21:38:26,976 (PreferenceInitializer.java:53) initializing preference default values
DEBUG 2015-05-06 21:38:26,996 (DataTransferManager.java:444) used transport order for the current XMPP connection: [de.fu_berlin.inf.dpp.net.internal.Socks5Transport@6c0486, de.fu_berlin.inf.dpp.net.internal.IBBTransport@2a6991]
DEBUG 2015-05-06 21:38:27,034 (StreamServiceManager.java:225) StreamServices added:
  SendFile
  AudioService
  VideoSharing
DEBUG 2015-05-06 21:38:27,127 (SarosAnnotation.java:112) resetting annotation colors
WARN  2015-05-06 21:38:27,503 (NullSarosSession.java:64) unexpected method call
WARN  2015-05-06 21:38:27,506 (NullSarosSession.java:64) unexpected method call
DEBUG 2015-05-06 21:38:31,104 (SharedDocumentProvider.java:79) SharedDocumentProvider created by Eclipse
WARN  2015-05-06 21:38:36,097 (NullSarosSession.java:64) unexpected method call
WARN  2015-05-06 21:38:36,104 (NullSarosSession.java:64) unexpected method call
DEBUG 2015-05-06 21:38:37,613 (WhiteboardManager.java:108) WhiteboardManager instantiated
DEBUG 2015-05-06 21:38:37,773 (DocumentRecord.java:93) Added Node: attr(143096271777027321) name=svg
DEBUG 2015-05-06 21:38:37,855 (UPnPServiceImpl.java:225) performing gateways discovery
DEBUG 2015-05-06 21:38:38,052 (SarosNet.java:423) started Socks5 proxy on port: 7777 [listening on all interfaces]
DEBUG 2015-05-06 21:38:38,424 (SarosNet.java:433) found interface addresses: [192.168.1.10, fe80:0:0:0:344c:f76:f1b4:6860%wlan0]
DEBUG 2015-05-06 21:38:38,436 (SarosNet.java:383)  new connection state == CONNECTING
INFO  2015-05-06 21:38:38,831 (UPnPServiceImpl.java:237) discovered 1 gateway(s)
WARN  2015-05-06 21:38:38,832 (SarosNet.java:481) could not find gateway device with id: + uuid:f3d2aadd-f7c7-9e6a-3646-4e1cc01aca11::urn:schemas-upnp-org:service:WANIPConnection:1 in the current network environment
DEBUG 2015-05-06 21:38:39,324 (SarosNet.java:383) 1superrm1@gmail.com/Saros29989C6A new connection state == CONNECTED
DEBUG 2015-05-06 21:38:39,325 (DataTransferManager.java:444) used transport order for the current XMPP connection: [de.fu_berlin.inf.dpp.net.internal.Socks5Transport@6c0486, de.fu_berlin.inf.dpp.net.internal.IBBTransport@2a6991]
DEBUG 2015-05-06 21:38:39,367 (SkypeManager.java:286) Refreshing Skype username cache...
WARN  2015-05-06 21:38:48,946 (StunServiceImpl.java:420) received no response from STUN server stunserver.org/69.172.201.208:3478 at local address /192.168.1.10:0
WARN  2015-05-06 21:40:07,038 (NullSarosSession.java:64) unexpected method call
WARN  2015-05-06 21:40:07,040 (NullSarosSession.java:64) unexpected method call
DEBUG 2015-05-06 21:40:07,334 (SarosNet.java:383) 1superrm1@gmail.com/Saros29989C6A new connection state == DISCONNECTING
DEBUG 2015-05-06 21:40:07,487 (SarosNet.java:383)  new connection state == NOT_CONNECTED
DEBUG 2015-05-06 21:40:07,489 (UPnPServiceImpl.java:295) deleting existing port mappings
