INFO  2015-05-06 21:28:27,794 (Saros.java:256) Starting Saros 13.12.6 running:
  Java Version: 1.8.0_40
  Java Vendor: Oracle Corporation
  Eclipse Runtime Version: 3.10.0.v20140318-2214
  Operating System: Windows 7 (6.1)
  Hardware Architecture: x86
INFO  2015-05-06 21:28:27,848 (XMPPAccountStore.java:103) loaded 1 accounts
INFO  2015-05-06 21:28:27,875 (PreferenceInitializer.java:53) initializing preference default values
DEBUG 2015-05-06 21:28:27,885 (DataTransferManager.java:444) used transport order for the current XMPP connection: [de.fu_berlin.inf.dpp.net.internal.Socks5Transport@62c3fd, de.fu_berlin.inf.dpp.net.internal.IBBTransport@14ce281]
DEBUG 2015-05-06 21:28:27,922 (StreamServiceManager.java:225) StreamServices added:
  SendFile
  AudioService
  VideoSharing
DEBUG 2015-05-06 21:28:28,032 (SarosAnnotation.java:112) resetting annotation colors
WARN  2015-05-06 21:28:28,442 (NullSarosSession.java:64) unexpected method call
WARN  2015-05-06 21:28:28,444 (NullSarosSession.java:64) unexpected method call
DEBUG 2015-05-06 21:28:35,219 (SharedDocumentProvider.java:79) SharedDocumentProvider created by Eclipse
WARN  2015-05-06 21:28:42,490 (NullSarosSession.java:64) unexpected method call
WARN  2015-05-06 21:28:42,497 (NullSarosSession.java:64) unexpected method call
DEBUG 2015-05-06 21:28:45,271 (WhiteboardManager.java:108) WhiteboardManager instantiated
DEBUG 2015-05-06 21:28:45,287 (DocumentRecord.java:93) Added Node: attr(143096212528410119) name=svg
DEBUG 2015-05-06 21:28:45,635 (UPnPServiceImpl.java:225) performing gateways discovery
DEBUG 2015-05-06 21:28:46,236 (SarosNet.java:423) started Socks5 proxy on port: 7777 [listening on all interfaces]
DEBUG 2015-05-06 21:28:47,686 (SarosNet.java:433) found interface addresses: [192.168.1.10, fe80:0:0:0:344c:f76:f1b4:6860%wlan0]
DEBUG 2015-05-06 21:28:47,778 (SarosNet.java:383)  new connection state == CONNECTING
INFO  2015-05-06 21:28:48,561 (UPnPServiceImpl.java:237) discovered 1 gateway(s)
WARN  2015-05-06 21:28:48,565 (SarosNet.java:481) could not find gateway device with id: + uuid:f3d2aadd-f7c7-9e6a-3646-4e1cc01aca11::urn:schemas-upnp-org:service:WANIPConnection:1 in the current network environment
DEBUG 2015-05-06 21:28:49,529 (SarosNet.java:383) 1superrm1@gmail.com/SarosEA5A8366 new connection state == CONNECTED
DEBUG 2015-05-06 21:28:49,530 (DataTransferManager.java:444) used transport order for the current XMPP connection: [de.fu_berlin.inf.dpp.net.internal.Socks5Transport@62c3fd, de.fu_berlin.inf.dpp.net.internal.IBBTransport@14ce281]
DEBUG 2015-05-06 21:28:49,577 (SkypeManager.java:286) Refreshing Skype username cache...
WARN  2015-05-06 21:28:59,132 (StunServiceImpl.java:420) received no response from STUN server stunserver.org/69.172.201.208:3478 at local address /192.168.1.10:0
