INFO  2015-04-16 16:07:13,462 (Saros.java:256) Starting Saros 13.12.6 running:
  Java Version: 1.8.0_40
  Java Vendor: Oracle Corporation
  Eclipse Runtime Version: 3.10.0.v20140318-2214
  Operating System: Windows 7 (6.1)
  Hardware Architecture: x86
INFO  2015-04-16 16:07:13,612 (XMPPAccountStore.java:103) loaded 1 accounts
INFO  2015-04-16 16:07:13,816 (PreferenceInitializer.java:53) initializing preference default values
DEBUG 2015-04-16 16:07:13,895 (DataTransferManager.java:444) used transport order for the current XMPP connection: [de.fu_berlin.inf.dpp.net.internal.Socks5Transport@9732fb, de.fu_berlin.inf.dpp.net.internal.IBBTransport@13d62b5]
DEBUG 2015-04-16 16:07:14,072 (StreamServiceManager.java:225) StreamServices added:
  SendFile
  AudioService
  VideoSharing
DEBUG 2015-04-16 16:07:14,452 (SarosAnnotation.java:112) resetting annotation colors
WARN  2015-04-16 16:07:15,436 (NullSarosSession.java:64) unexpected method call
WARN  2015-04-16 16:07:15,442 (NullSarosSession.java:64) unexpected method call
DEBUG 2015-04-16 16:07:24,577 (SharedDocumentProvider.java:79) SharedDocumentProvider created by Eclipse
WARN  2015-04-16 16:07:31,013 (NullSarosSession.java:64) unexpected method call
WARN  2015-04-16 16:07:31,077 (NullSarosSession.java:64) unexpected method call
DEBUG 2015-04-16 16:07:33,912 (WhiteboardManager.java:108) WhiteboardManager instantiated
DEBUG 2015-04-16 16:07:34,014 (DocumentRecord.java:93) Added Node: attr(142921485400759963) name=svg
DEBUG 2015-04-16 16:07:34,628 (UPnPServiceImpl.java:225) performing gateways discovery
DEBUG 2015-04-16 16:07:34,975 (SarosNet.java:423) started Socks5 proxy on port: 7777 [listening on all interfaces]
DEBUG 2015-04-16 16:07:35,576 (SarosNet.java:433) found interface addresses: [192.168.1.10, fe80:0:0:0:344c:f76:f1b4:6860%wlan0, 2001:0:9d38:6ab8:41a:16bb:b627:7e38, fe80:0:0:0:41a:16bb:b627:7e38%net4]
DEBUG 2015-04-16 16:07:35,643 (SarosNet.java:383)  new connection state == CONNECTING
INFO  2015-04-16 16:07:36,085 (UPnPServiceImpl.java:237) discovered 1 gateway(s)
WARN  2015-04-16 16:07:36,093 (SarosNet.java:481) could not find gateway device with id: + uuid:f3d2aadd-f7c7-9e6a-3646-4e1cc01aca11::urn:schemas-upnp-org:service:WANIPConnection:1 in the current network environment
ERROR 2015-04-16 16:07:36,094 (StunServiceImpl.java:263) error sending STUN request
java.net.BindException: Cannot assign requested address: Datagram send failed
	at java.net.DualStackPlainDatagramSocketImpl.socketSend(Native Method)
	at java.net.DualStackPlainDatagramSocketImpl.send(Unknown Source)
	at java.net.DatagramSocket.send(Unknown Source)
	at de.fu_berlin.inf.dpp.net.stun.internal.StunServiceImpl$StunDiscovery$1.run(StunServiceImpl.java:255)
	at java.lang.Thread.run(Unknown Source)
DEBUG 2015-04-16 16:07:36,944 (SarosNet.java:383) 1superrm1@gmail.com/SarosF224A790 new connection state == CONNECTED
DEBUG 2015-04-16 16:07:36,945 (DataTransferManager.java:444) used transport order for the current XMPP connection: [de.fu_berlin.inf.dpp.net.internal.Socks5Transport@9732fb, de.fu_berlin.inf.dpp.net.internal.IBBTransport@13d62b5]
DEBUG 2015-04-16 16:07:37,878 (SkypeManager.java:286) Refreshing Skype username cache...
WARN  2015-04-16 16:07:46,092 (StunServiceImpl.java:420) received no response from STUN server stunserver.org/127.0.0.1:3478 at local address /192.168.1.10:0
WARN  2015-04-16 16:09:48,631 (NullSarosSession.java:64) unexpected method call
WARN  2015-04-16 16:09:48,635 (NullSarosSession.java:64) unexpected method call
DEBUG 2015-04-16 16:09:49,262 (SarosNet.java:383) 1superrm1@gmail.com/SarosF224A790 new connection state == DISCONNECTING
DEBUG 2015-04-16 16:09:49,428 (SarosNet.java:383)  new connection state == NOT_CONNECTED
DEBUG 2015-04-16 16:09:49,430 (UPnPServiceImpl.java:295) deleting existing port mappings
