INFO  2015-04-01 17:12:23,753 (Saros.java:256) Starting Saros 13.12.6 running:
  Java Version: 1.8.0_40
  Java Vendor: Oracle Corporation
  Eclipse Runtime Version: 3.10.0.v20140318-2214
  Operating System: Windows 7 (6.1)
  Hardware Architecture: x86
INFO  2015-04-01 17:12:23,781 (XMPPAccountStore.java:103) loaded 1 accounts
INFO  2015-04-01 17:12:23,800 (PreferenceInitializer.java:53) initializing preference default values
DEBUG 2015-04-01 17:12:23,806 (DataTransferManager.java:444) used transport order for the current XMPP connection: [de.fu_berlin.inf.dpp.net.internal.Socks5Transport@4c7d6c, de.fu_berlin.inf.dpp.net.internal.IBBTransport@10766ef]
DEBUG 2015-04-01 17:12:23,832 (StreamServiceManager.java:225) StreamServices added:
  SendFile
  AudioService
  VideoSharing
DEBUG 2015-04-01 17:12:23,884 (SarosAnnotation.java:112) resetting annotation colors
WARN  2015-04-01 17:12:24,084 (NullSarosSession.java:64) unexpected method call
WARN  2015-04-01 17:12:24,087 (NullSarosSession.java:64) unexpected method call
DEBUG 2015-04-01 17:12:31,227 (SharedDocumentProvider.java:79) SharedDocumentProvider created by Eclipse
WARN  2015-04-01 17:12:41,024 (NullSarosSession.java:64) unexpected method call
WARN  2015-04-01 17:12:41,074 (NullSarosSession.java:64) unexpected method call
DEBUG 2015-04-01 17:12:45,470 (WhiteboardManager.java:108) WhiteboardManager instantiated
DEBUG 2015-04-01 17:12:45,693 (DocumentRecord.java:93) Added Node: attr(142792276569169909) name=svg
DEBUG 2015-04-01 17:12:46,821 (UPnPServiceImpl.java:225) performing gateways discovery
DEBUG 2015-04-01 17:12:48,347 (SarosNet.java:423) started Socks5 proxy on port: 7777 [listening on all interfaces]
DEBUG 2015-04-01 17:12:48,565 (SarosNet.java:433) found interface addresses: [192.168.1.10, fe80:0:0:0:344c:f76:f1b4:6860%wlan0, 2001:0:9d38:6abd:28e0:17c8:b627:7e38, fe80:0:0:0:28e0:17c8:b627:7e38%net4]
DEBUG 2015-04-01 17:12:48,737 (SarosNet.java:383)  new connection state == CONNECTING
ERROR 2015-04-01 17:12:48,896 (StunServiceImpl.java:263) error sending STUN request
java.net.BindException: Cannot assign requested address: Datagram send failed
	at java.net.DualStackPlainDatagramSocketImpl.socketSend(Native Method)
	at java.net.DualStackPlainDatagramSocketImpl.send(Unknown Source)
	at java.net.DatagramSocket.send(Unknown Source)
	at de.fu_berlin.inf.dpp.net.stun.internal.StunServiceImpl$StunDiscovery$1.run(StunServiceImpl.java:255)
	at java.lang.Thread.run(Unknown Source)
INFO  2015-04-01 17:12:48,920 (UPnPServiceImpl.java:237) discovered 1 gateway(s)
WARN  2015-04-01 17:12:48,921 (SarosNet.java:481) could not find gateway device with id: + uuid:f3d2aadd-f7c7-9e6a-3646-4e1cc01aca11::urn:schemas-upnp-org:service:WANIPConnection:1 in the current network environment
DEBUG 2015-04-01 17:12:51,527 (SarosNet.java:383) 1superrm1@gmail.com/Saros0363570C new connection state == CONNECTED
DEBUG 2015-04-01 17:12:51,527 (DataTransferManager.java:444) used transport order for the current XMPP connection: [de.fu_berlin.inf.dpp.net.internal.Socks5Transport@4c7d6c, de.fu_berlin.inf.dpp.net.internal.IBBTransport@10766ef]
DEBUG 2015-04-01 17:12:51,570 (SkypeManager.java:286) Refreshing Skype username cache...
WARN  2015-04-01 17:12:58,800 (StunServiceImpl.java:420) received no response from STUN server stunserver.org/127.0.0.1:3478 at local address /192.168.1.10:0
WARN  2015-04-01 17:58:29,235 (NullSarosSession.java:64) unexpected method call
WARN  2015-04-01 17:58:29,239 (NullSarosSession.java:64) unexpected method call
DEBUG 2015-04-01 17:58:29,410 (SarosNet.java:383) 1superrm1@gmail.com/Saros0363570C new connection state == DISCONNECTING
DEBUG 2015-04-01 17:58:29,562 (SarosNet.java:383)  new connection state == NOT_CONNECTED
DEBUG 2015-04-01 17:58:29,564 (UPnPServiceImpl.java:295) deleting existing port mappings
